Build started 11/22/2015 2:45:06 PM.
     1>Project "C:\Users\parth\Google Drive\Viruses\WordSearch\WordSearch\WordSearch.vcxproj" on node 2 (Build target(s)).
     1>ClCompile:
         C:\Program Files (x86)\Microsoft Visual Studio 12.0\VC\bin\CL.exe /c /ZI /nologo /W3 /WX- /sdl /Od /Oy- /D WIN32 /D _DEBUG /D _CONSOLE /D _LIB /D _UNICODE /D UNICODE /Gm /EHsc /RTC1 /MDd /GS /fp:precise /Zc:wchar_t /Zc:forScope /Fo"Debug\\" /Fd"Debug\vc120.pdb" /Gd /TP /analyze- /errorReport:prompt main.cpp words.cpp
         words.cpp
     1>c:\users\parth\google drive\viruses\wordsearch\wordsearch\words.cpp(60): warning C4018: '<' : signed/unsigned mismatch
     1>c:\users\parth\google drive\viruses\wordsearch\wordsearch\words.cpp(156): warning C4018: '>' : signed/unsigned mismatch
     1>c:\users\parth\google drive\viruses\wordsearch\wordsearch\words.cpp(162): warning C4018: '<' : signed/unsigned mismatch
     1>c:\users\parth\google drive\viruses\wordsearch\wordsearch\words.cpp(176): warning C4018: '<' : signed/unsigned mismatch
     1>c:\users\parth\google drive\viruses\wordsearch\wordsearch\words.cpp(179): warning C4018: '<' : signed/unsigned mismatch
     1>c:\users\parth\google drive\viruses\wordsearch\wordsearch\words.cpp(192): warning C4244: 'argument' : conversion from 'time_t' to 'unsigned int', possible loss of data
     1>c:\users\parth\google drive\viruses\wordsearch\wordsearch\words.cpp(213): warning C4018: '<' : signed/unsigned mismatch
     1>c:\users\parth\google drive\viruses\wordsearch\wordsearch\words.cpp(225): warning C4018: '<' : signed/unsigned mismatch
     1>c:\users\parth\google drive\viruses\wordsearch\wordsearch\words.cpp(236): warning C4018: '<' : signed/unsigned mismatch
     1>c:\users\parth\google drive\viruses\wordsearch\wordsearch\words.cpp(238): warning C4018: '<' : signed/unsigned mismatch
     1>c:\users\parth\google drive\viruses\wordsearch\wordsearch\words.cpp(249): warning C4018: '<' : signed/unsigned mismatch
     1>c:\users\parth\google drive\viruses\wordsearch\wordsearch\words.cpp(261): warning C4018: '<' : signed/unsigned mismatch
     1>c:\users\parth\google drive\viruses\wordsearch\wordsearch\words.cpp(273): warning C4018: '<' : signed/unsigned mismatch
     1>c:\users\parth\google drive\viruses\wordsearch\wordsearch\words.cpp(284): warning C4018: '<' : signed/unsigned mismatch
     1>c:\users\parth\google drive\viruses\wordsearch\wordsearch\words.cpp(286): warning C4018: '<' : signed/unsigned mismatch
     1>c:\users\parth\google drive\viruses\wordsearch\wordsearch\words.cpp(297): warning C4018: '<' : signed/unsigned mismatch
     1>c:\users\parth\google drive\viruses\wordsearch\wordsearch\words.cpp(345): warning C4018: '<' : signed/unsigned mismatch
         main.cpp
         Generating Code...
       Link:
         C:\Program Files (x86)\Microsoft Visual Studio 12.0\VC\bin\link.exe /ERRORREPORT:PROMPT /OUT:"C:\Users\parth\Google Drive\Viruses\WordSearch\Debug\WordSearch.exe" /INCREMENTAL /NOLOGO kernel32.lib user32.lib gdi32.lib winspool.lib comdlg32.lib advapi32.lib shell32.lib ole32.lib oleaut32.lib uuid.lib odbc32.lib odbccp32.lib /MANIFEST /MANIFESTUAC:"level='asInvoker' uiAccess='false'" /manifest:embed /DEBUG /PDB:"C:\Users\parth\Google Drive\Viruses\WordSearch\Debug\WordSearch.pdb" /SUBSYSTEM:CONSOLE /TLBID:1 /DYNAMICBASE /NXCOMPAT /IMPLIB:"C:\Users\parth\Google Drive\Viruses\WordSearch\Debug\WordSearch.lib" /MACHINE:X86 Debug\main.obj
         Debug\words.obj
         WordSearch.vcxproj -> C:\Users\parth\Google Drive\Viruses\WordSearch\Debug\WordSearch.exe
     1>Done Building Project "C:\Users\parth\Google Drive\Viruses\WordSearch\WordSearch\WordSearch.vcxproj" (Build target(s)).

Build succeeded.

Time Elapsed 00:00:09.21
